<?xml version="1.0" encoding="UTF-8"?>
<!-- Generated by org.testng.reporters.JUnitXMLReporter -->
<testsuite ignored="6" hostname="Kishan" failures="2" tests="4" name="Test2" time="49.943" errors="0" timestamp="2024-10-29T13:40:06 IST">
  <testcase classname="testNGslisteners.Assignments.DemoWebShop.TestScript1" name="clickOnBooks" time="1.113"/>
  <testcase classname="testNGslisteners.Assignments.DemoWebShop.TestScript2" name="clickOnComputersLink" time="1.386">
    <failure type="java.lang.AssertionError" message="Computers page not displayed expected [https://demowebshop.tricentis.com/computer] but found [https://demowebshop.tricentis.com/computers]">
      <![CDATA[java.lang.AssertionError: Computers page not displayed expected [https://demowebshop.tricentis.com/computer] but found [https://demowebshop.tricentis.com/computers]
at testNGslisteners.Assignments.DemoWebShop.TestScript2.clickOnComputersLink(TestScript2.java:21)
at java.base/java.util.ArrayList.forEach(ArrayList.java:1597)
... Removed 30 stack frames]]>
    </failure>
  </testcase> <!-- clickOnComputersLink -->
  <testcase classname="testNGslisteners.Assignments.DemoWebShop.TestScript3" name="clickOnElectronicsLink" time="0.783"/>
  <testcase classname="testNGslisteners.Assignments.DemoWebShop.TestScript4" name="clickOnElectronicsLink" time="0.964">
    <failure type="java.lang.AssertionError" message="Gift Cards page not displayed expected [https://demowebshop.tricentis.com/gift-card] but found [https://demowebshop.tricentis.com/gift-cards]">
      <![CDATA[java.lang.AssertionError: Gift Cards page not displayed expected [https://demowebshop.tricentis.com/gift-card] but found [https://demowebshop.tricentis.com/gift-cards]
at testNGslisteners.Assignments.DemoWebShop.TestScript4.clickOnElectronicsLink(TestScript4.java:21)
at java.base/java.util.ArrayList.forEach(ArrayList.java:1597)
... Removed 30 stack frames]]>
    </failure>
  </testcase> <!-- clickOnElectronicsLink -->
  <testcase classname="testNGslisteners.Assignments.DemoWebShop.BaseClass" name="@AfterTest closeObject" time="0.0">
    <ignored/>
  </testcase> <!-- @AfterTest closeObject -->
  <testcase classname="testNGslisteners.Assignments.DemoWebShop.BaseClass" name="@AfterTest closeObject" time="0.0">
    <ignored/>
  </testcase> <!-- @AfterTest closeObject -->
  <testcase classname="testNGslisteners.Assignments.DemoWebShop.BaseClass" name="@AfterTest closeObject" time="0.0">
    <ignored/>
  </testcase> <!-- @AfterTest closeObject -->
  <testcase classname="testNGslisteners.Assignments.DemoWebShop.BaseClass" name="@BeforeTest fetchData" time="0.0">
    <ignored/>
  </testcase> <!-- @BeforeTest fetchData -->
  <testcase classname="testNGslisteners.Assignments.DemoWebShop.BaseClass" name="@BeforeTest fetchData" time="0.0">
    <ignored/>
  </testcase> <!-- @BeforeTest fetchData -->
  <testcase classname="testNGslisteners.Assignments.DemoWebShop.BaseClass" name="@BeforeTest fetchData" time="0.0">
    <ignored/>
  </testcase> <!-- @BeforeTest fetchData -->
</testsuite> <!-- Test2 -->
